2026-03-23 14:27:52.334 -03:00 [INF] Executed DbCommand (316ms) [Parameters=[], CommandType='"Text"', CommandTimeout='60']
CREATE DATABASE [InclusiveCommunicationHub];
2026-03-23 14:27:52.465 -03:00 [INF] Executed DbCommand (83ms) [Parameters=[], CommandType='"Text"', CommandTimeout='60']
IF SERVERPROPERTY('EngineEdition') <> 5
BEGIN
    ALTER DATABASE [InclusiveCommunicationHub] SET READ_COMMITTED_SNAPSHOT ON;
END;
2026-03-23 14:27:52.494 -03:00 [INF] Executed DbCommand (9ms) [Parameters=[], CommandType='"Text"', CommandTimeout='30']
SELECT 1
2026-03-23 14:27:52.587 -03:00 [INF] Executed DbCommand (7ms) [Parameters=[], CommandType='"Text"', CommandTimeout='30']
CREATE TABLE [Users] (
    [Id] uniqueidentifier NOT NULL,
    [Email] nvarchar(256) NOT NULL,
    [DisplayName] nvarchar(200) NOT NULL,
    [PasswordHash] nvarchar(500) NOT NULL,
    [PreferredLanguage] nvarchar(10) NOT NULL DEFAULT N'en',
    [ConsentGiven] bit NOT NULL,
    [ConsentGivenAt] datetimeoffset NULL,
    [CreatedAt] datetimeoffset NOT NULL,
    [LastLoginAt] datetimeoffset NULL,
    [RefreshToken] nvarchar(500) NULL,
    [RefreshTokenExpiresAt] datetimeoffset NULL,
    CONSTRAINT [PK_Users] PRIMARY KEY ([Id])
);
2026-03-23 14:27:52.592 -03:00 [INF] Executed DbCommand (3ms) [Parameters=[], CommandType='"Text"', CommandTimeout='30']
CREATE TABLE [Sessions] (
    [Id] uniqueidentifier NOT NULL,
    [Title] nvarchar(500) NOT NULL,
    [UserId] uniqueidentifier NOT NULL,
    [StartedAt] datetimeoffset NOT NULL,
    [EndedAt] datetimeoffset NULL,
    [SourceLanguage] nvarchar(10) NOT NULL,
    [TargetLanguage] nvarchar(10) NOT NULL,
    [Status] nvarchar(20) NOT NULL,
    [Summary] nvarchar(max) NULL,
    [RecordingBlobUrl] nvarchar(2000) NULL,
    [ConsentGiven] bit NOT NULL,
    [IsRecordingEnabled] bit NOT NULL,
    CONSTRAINT [PK_Sessions] PRIMARY KEY ([Id]),
    CONSTRAINT [FK_Sessions_Users_UserId] FOREIGN KEY ([UserId]) REFERENCES [Users] ([Id]) ON DELETE CASCADE
);
2026-03-23 14:27:52.597 -03:00 [INF] Executed DbCommand (2ms) [Parameters=[], CommandType='"Text"', CommandTimeout='30']
CREATE TABLE [SessionEvents] (
    [Id] uniqueidentifier NOT NULL,
    [SessionId] uniqueidentifier NOT NULL,
    [EventType] nvarchar(100) NOT NULL,
    [Data] nvarchar(max) NOT NULL,
    [Timestamp] datetimeoffset NOT NULL,
    CONSTRAINT [PK_SessionEvents] PRIMARY KEY ([Id]),
    CONSTRAINT [FK_SessionEvents_Sessions_SessionId] FOREIGN KEY ([SessionId]) REFERENCES [Sessions] ([Id]) ON DELETE CASCADE
);
2026-03-23 14:27:52.601 -03:00 [INF] Executed DbCommand (2ms) [Parameters=[], CommandType='"Text"', CommandTimeout='30']
CREATE TABLE [TranscriptEntries] (
    [Id] uniqueidentifier NOT NULL,
    [SessionId] uniqueidentifier NOT NULL,
    [OriginalText] nvarchar(max) NOT NULL,
    [TranslatedText] nvarchar(max) NOT NULL,
    [SourceLanguage] nvarchar(10) NOT NULL,
    [TargetLanguage] nvarchar(10) NOT NULL,
    [Timestamp] datetimeoffset NOT NULL,
    [SpeakerId] nvarchar(100) NULL,
    [SpeakerName] nvarchar(200) NULL,
    [Confidence] float NOT NULL,
    [Emotion] nvarchar(50) NULL,
    [PipelineType] nvarchar(20) NOT NULL,
    [Offset] time NOT NULL,
    [Duration] time NOT NULL,
    CONSTRAINT [PK_TranscriptEntries] PRIMARY KEY ([Id]),
    CONSTRAINT [FK_TranscriptEntries_Sessions_SessionId] FOREIGN KEY ([SessionId]) REFERENCES [Sessions] ([Id]) ON DELETE CASCADE
);
2026-03-23 14:27:52.603 -03:00 [INF] Executed DbCommand (1ms) [Parameters=[], CommandType='"Text"', CommandTimeout='30']
CREATE INDEX [IX_SessionEvents_SessionId] ON [SessionEvents] ([SessionId]);
2026-03-23 14:27:52.606 -03:00 [INF] Executed DbCommand (1ms) [Parameters=[], CommandType='"Text"', CommandTimeout='30']
CREATE INDEX [IX_Sessions_StartedAt] ON [Sessions] ([StartedAt]);
2026-03-23 14:27:52.609 -03:00 [INF] Executed DbCommand (1ms) [Parameters=[], CommandType='"Text"', CommandTimeout='30']
CREATE INDEX [IX_Sessions_Status] ON [Sessions] ([Status]);
2026-03-23 14:27:52.612 -03:00 [INF] Executed DbCommand (1ms) [Parameters=[], CommandType='"Text"', CommandTimeout='30']
CREATE INDEX [IX_Sessions_UserId] ON [Sessions] ([UserId]);
2026-03-23 14:27:52.615 -03:00 [INF] Executed DbCommand (1ms) [Parameters=[], CommandType='"Text"', CommandTimeout='30']
CREATE INDEX [IX_TranscriptEntries_SessionId] ON [TranscriptEntries] ([SessionId]);
2026-03-23 14:27:52.618 -03:00 [INF] Executed DbCommand (1ms) [Parameters=[], CommandType='"Text"', CommandTimeout='30']
CREATE INDEX [IX_TranscriptEntries_Timestamp] ON [TranscriptEntries] ([Timestamp]);
2026-03-23 14:27:52.621 -03:00 [INF] Executed DbCommand (1ms) [Parameters=[], CommandType='"Text"', CommandTimeout='30']
CREATE UNIQUE INDEX [IX_Users_Email] ON [Users] ([Email]);
2026-03-23 14:27:52.632 -03:00 [INF] Inclusive Communication Hub API starting...
2026-03-23 14:27:52.658 -03:00 [INF] User profile is available. Using 'C:\Users\ASUS\AppData\Local\ASP.NET\DataProtection-Keys' as key repository and Windows DPAPI to encrypt keys at rest.
2026-03-23 14:27:52.672 -03:00 [INF] Creating key {b6acc9cc-5cdd-4ba7-9bff-49d207dde15e} with creation date 2026-03-23 17:27:52Z, activation date 2026-03-23 17:27:52Z, and expiration date 2026-06-21 17:27:52Z.
2026-03-23 14:27:52.696 -03:00 [INF] Writing data to file 'C:\Users\ASUS\AppData\Local\ASP.NET\DataProtection-Keys\key-b6acc9cc-5cdd-4ba7-9bff-49d207dde15e.xml'.
2026-03-23 14:27:52.819 -03:00 [WRN] The ASP.NET Core developer certificate is not trusted. For information about trusting the ASP.NET Core developer certificate, see https://aka.ms/aspnet/https-trust-dev-cert.
2026-03-23 14:27:52.866 -03:00 [INF] Now listening on: https://localhost:49940
2026-03-23 14:27:52.867 -03:00 [INF] Now listening on: http://localhost:49941
2026-03-23 14:27:52.870 -03:00 [INF] Application started. Press Ctrl+C to shut down.
2026-03-23 14:27:52.871 -03:00 [INF] Hosting environment: Development
2026-03-23 14:27:52.872 -03:00 [INF] Content root path: D:\FREELANCE\COMPETENCIAS\Innovation Challenge - 2026 March 2\src\ICH.API
2026-03-23 14:50:21.436 -03:00 [INF] Request starting HTTP/2 POST https://localhost:49940/hub/audio/negotiate?negotiateVersion=1 - null 0
2026-03-23 14:50:21.566 -03:00 [INF] Executing endpoint '/hub/audio/negotiate'
2026-03-23 14:50:21.574 -03:00 [INF] Executed endpoint '/hub/audio/negotiate'
2026-03-23 14:50:21.577 -03:00 [INF] Request finished HTTP/2 POST https://localhost:49940/hub/audio/negotiate?negotiateVersion=1 - 200 316 application/json 142.644ms
2026-03-23 14:50:21.619 -03:00 [INF] Request starting HTTP/2 POST https://localhost:49940/hub/audio/negotiate?negotiateVersion=1 - null 0
2026-03-23 14:50:21.624 -03:00 [INF] Executing endpoint '/hub/audio/negotiate'
2026-03-23 14:50:21.627 -03:00 [INF] Executed endpoint '/hub/audio/negotiate'
2026-03-23 14:50:21.629 -03:00 [INF] Request finished HTTP/2 POST https://localhost:49940/hub/audio/negotiate?negotiateVersion=1 - 200 316 application/json 9.9313ms
2026-03-23 14:50:21.634 -03:00 [INF] Request starting HTTP/2 GET https://localhost:49940/hub/audio?id=IvoyqqZsJkKago5bUKvKQA - null null
2026-03-23 14:50:21.645 -03:00 [INF] Executing endpoint '/hub/audio'
2026-03-23 14:50:21.697 -03:00 [INF] Request starting HTTP/2 POST https://localhost:49940/hub/audio?id=IvoyqqZsJkKago5bUKvKQA - null 32
2026-03-23 14:50:21.701 -03:00 [INF] Executing endpoint '/hub/audio'
2026-03-23 14:50:21.705 -03:00 [INF] Executed endpoint '/hub/audio'
2026-03-23 14:50:21.707 -03:00 [INF] Request finished HTTP/2 POST https://localhost:49940/hub/audio?id=IvoyqqZsJkKago5bUKvKQA - 200 0 text/plain 9.9906ms
2026-03-23 14:50:21.716 -03:00 [INF] Client connected: 86NJ43JmM27umIRxd8KX-A
2026-03-23 14:50:21.717 -03:00 [INF] Request starting HTTP/2 POST https://localhost:49940/hub/audio?id=IvoyqqZsJkKago5bUKvKQA - null 11
2026-03-23 14:50:21.722 -03:00 [INF] Executing endpoint '/hub/audio'
2026-03-23 14:50:21.724 -03:00 [INF] Executed endpoint '/hub/audio'
2026-03-23 14:50:21.726 -03:00 [INF] Request finished HTTP/2 POST https://localhost:49940/hub/audio?id=IvoyqqZsJkKago5bUKvKQA - 200 0 text/plain 8.6519ms
2026-03-23 14:50:36.728 -03:00 [INF] Request starting HTTP/2 POST https://localhost:49940/hub/audio?id=IvoyqqZsJkKago5bUKvKQA - null 11
2026-03-23 14:50:36.731 -03:00 [INF] Executing endpoint '/hub/audio'
2026-03-23 14:50:36.732 -03:00 [INF] Executed endpoint '/hub/audio'
2026-03-23 14:50:36.733 -03:00 [INF] Request finished HTTP/2 POST https://localhost:49940/hub/audio?id=IvoyqqZsJkKago5bUKvKQA - 200 0 text/plain 5.3891ms
2026-03-23 14:50:51.729 -03:00 [INF] Request starting HTTP/2 POST https://localhost:49940/hub/audio?id=IvoyqqZsJkKago5bUKvKQA - null 11
2026-03-23 14:50:51.732 -03:00 [INF] Executing endpoint '/hub/audio'
2026-03-23 14:50:51.732 -03:00 [INF] Executed endpoint '/hub/audio'
2026-03-23 14:50:51.733 -03:00 [INF] Request finished HTTP/2 POST https://localhost:49940/hub/audio?id=IvoyqqZsJkKago5bUKvKQA - 200 0 text/plain 3.5853ms
2026-03-23 14:50:57.074 -03:00 [INF] Client disconnected: 86NJ43JmM27umIRxd8KX-A
2026-03-23 14:50:57.079 -03:00 [INF] Executed endpoint '/hub/audio'
2026-03-23 14:50:57.083 -03:00 [INF] Request finished HTTP/2 GET https://localhost:49940/hub/audio?id=IvoyqqZsJkKago5bUKvKQA - 200 null text/event-stream 35448.7367ms
2026-03-23 14:58:14.174 -03:00 [INF] Application is shutting down...
