2026-03-27 16:55:25.424 -03:00 [INF] Executed DbCommand (25ms) [Parameters=[], CommandType='"Text"', CommandTimeout='30']
SELECT 1
2026-03-27 16:55:25.515 -03:00 [INF] Executed DbCommand (50ms) [Parameters=[], CommandType='"Text"', CommandTimeout='30']

IF EXISTS
    (SELECT *
     FROM [sys].[objects] o
     WHERE [o].[type] = 'U'
     AND [o].[is_ms_shipped] = 0
     AND NOT EXISTS (SELECT *
         FROM [sys].[extended_properties] AS [ep]
         WHERE [ep].[major_id] = [o].[object_id]
             AND [ep].[minor_id] = 0
             AND [ep].[class] = 1
             AND [ep].[name] = N'microsoft_database_tools_support'
    )
)
SELECT 1 ELSE SELECT 0
2026-03-27 16:55:25.521 -03:00 [INF] Inclusive Communication Hub API starting...
2026-03-27 16:55:25.536 -03:00 [INF] User profile is available. Using 'C:\Users\ASUS\AppData\Local\ASP.NET\DataProtection-Keys' as key repository and Windows DPAPI to encrypt keys at rest.
2026-03-27 16:55:25.634 -03:00 [WRN] The ASP.NET Core developer certificate is not trusted. For information about trusting the ASP.NET Core developer certificate, see https://aka.ms/aspnet/https-trust-dev-cert.
2026-03-27 16:55:25.663 -03:00 [INF] Now listening on: https://localhost:49940
2026-03-27 16:55:25.664 -03:00 [INF] Now listening on: http://localhost:49941
2026-03-27 16:55:25.666 -03:00 [INF] Application started. Press Ctrl+C to shut down.
2026-03-27 16:55:25.667 -03:00 [INF] Hosting environment: Development
2026-03-27 16:55:25.668 -03:00 [INF] Content root path: D:\FREELANCE\COMPETENCIAS\Innovation Challenge - 2026 March 2\src\ICH.API
2026-03-27 17:04:18.709 -03:00 [INF] Request starting HTTP/2 GET https://localhost:49940/ - null null
2026-03-27 17:04:19.708 -03:00 [INF] Request starting HTTP/2 GET https://localhost:49940/ - null null
2026-03-27 17:04:19.879 -03:00 [INF] Request finished HTTP/2 GET https://localhost:49940/ - 499 null null 1171.6515ms
2026-03-27 17:04:19.879 -03:00 [INF] Request finished HTTP/2 GET https://localhost:49940/ - 404 0 null 170.785ms
2026-03-27 17:04:19.884 -03:00 [INF] Request reached the end of the middleware pipeline without being handled by application code. Request path: GET https://localhost:49940/, Response status code: 499
2026-03-27 17:04:19.886 -03:00 [INF] Request reached the end of the middleware pipeline without being handled by application code. Request path: GET https://localhost:49940/, Response status code: 404
2026-03-27 17:04:25.180 -03:00 [INF] Request starting HTTP/1.1 GET http://localhost:49941/ - null null
2026-03-27 17:04:25.188 -03:00 [INF] Request finished HTTP/1.1 GET http://localhost:49941/ - 307 0 null 7.7717ms
2026-03-27 17:04:25.191 -03:00 [INF] Request starting HTTP/2 GET https://localhost:49940/ - null null
2026-03-27 17:04:25.195 -03:00 [INF] Request finished HTTP/2 GET https://localhost:49940/ - 404 0 null 4.5231ms
2026-03-27 17:04:25.199 -03:00 [INF] Request reached the end of the middleware pipeline without being handled by application code. Request path: GET https://localhost:49940/, Response status code: 404
2026-03-27 17:04:26.384 -03:00 [INF] Request starting HTTP/2 GET https://localhost:49940/ - null null
2026-03-27 17:04:26.387 -03:00 [INF] Request finished HTTP/2 GET https://localhost:49940/ - 404 0 null 2.9929ms
2026-03-27 17:04:26.391 -03:00 [INF] Request reached the end of the middleware pipeline without being handled by application code. Request path: GET https://localhost:49940/, Response status code: 404
2026-03-27 17:06:36.933 -03:00 [INF] Request starting HTTP/2 GET https://localhost:49940/ - null null
2026-03-27 17:06:36.936 -03:00 [INF] Request finished HTTP/2 GET https://localhost:49940/ - 404 0 null 3.1755ms
2026-03-27 17:06:36.939 -03:00 [INF] Request reached the end of the middleware pipeline without being handled by application code. Request path: GET https://localhost:49940/, Response status code: 404
2026-03-27 17:06:38.145 -03:00 [INF] Request starting HTTP/2 GET https://localhost:49940/ - null null
2026-03-27 17:06:38.149 -03:00 [INF] Request finished HTTP/2 GET https://localhost:49940/ - 404 0 null 3.0713ms
2026-03-27 17:06:38.152 -03:00 [INF] Request reached the end of the middleware pipeline without being handled by application code. Request path: GET https://localhost:49940/, Response status code: 404
2026-03-27 17:06:39.529 -03:00 [INF] Request starting HTTP/2 GET https://localhost:49940/ - null null
2026-03-27 17:06:39.532 -03:00 [INF] Request finished HTTP/2 GET https://localhost:49940/ - 404 0 null 2.7432ms
2026-03-27 17:06:39.535 -03:00 [INF] Request reached the end of the middleware pipeline without being handled by application code. Request path: GET https://localhost:49940/, Response status code: 404
2026-03-27 17:06:40.226 -03:00 [INF] Request starting HTTP/2 GET https://localhost:49940/ - null null
2026-03-27 17:06:40.228 -03:00 [INF] Request finished HTTP/2 GET https://localhost:49940/ - 404 0 null 2.8405ms
2026-03-27 17:06:40.232 -03:00 [INF] Request reached the end of the middleware pipeline without being handled by application code. Request path: GET https://localhost:49940/, Response status code: 404
2026-03-27 17:06:46.010 -03:00 [INF] Request starting HTTP/2 GET https://localhost:49940/ - null null
2026-03-27 17:06:46.013 -03:00 [INF] Request finished HTTP/2 GET https://localhost:49940/ - 404 0 null 2.8188ms
2026-03-27 17:06:46.016 -03:00 [INF] Request reached the end of the middleware pipeline without being handled by application code. Request path: GET https://localhost:49940/, Response status code: 404
2026-03-27 17:08:49.489 -03:00 [INF] Executed DbCommand (18ms) [Parameters=[], CommandType='"Text"', CommandTimeout='30']
SELECT 1
2026-03-27 17:08:49.580 -03:00 [INF] Executed DbCommand (50ms) [Parameters=[], CommandType='"Text"', CommandTimeout='30']

IF EXISTS
    (SELECT *
     FROM [sys].[objects] o
     WHERE [o].[type] = 'U'
     AND [o].[is_ms_shipped] = 0
     AND NOT EXISTS (SELECT *
         FROM [sys].[extended_properties] AS [ep]
         WHERE [ep].[major_id] = [o].[object_id]
             AND [ep].[minor_id] = 0
             AND [ep].[class] = 1
             AND [ep].[name] = N'microsoft_database_tools_support'
    )
)
SELECT 1 ELSE SELECT 0
2026-03-27 17:08:49.586 -03:00 [INF] Inclusive Communication Hub API starting...
2026-03-27 17:08:49.597 -03:00 [INF] User profile is available. Using 'C:\Users\ASUS\AppData\Local\ASP.NET\DataProtection-Keys' as key repository and Windows DPAPI to encrypt keys at rest.
2026-03-27 17:08:49.684 -03:00 [WRN] The ASP.NET Core developer certificate is not trusted. For information about trusting the ASP.NET Core developer certificate, see https://aka.ms/aspnet/https-trust-dev-cert.
2026-03-27 17:08:49.704 -03:00 [INF] Now listening on: https://localhost:49940
2026-03-27 17:08:49.705 -03:00 [INF] Now listening on: http://localhost:49941
2026-03-27 17:08:49.708 -03:00 [INF] Application started. Press Ctrl+C to shut down.
2026-03-27 17:08:49.709 -03:00 [INF] Hosting environment: Development
2026-03-27 17:08:49.710 -03:00 [INF] Content root path: D:\FREELANCE\COMPETENCIAS\Innovation Challenge - 2026 March 2\src\ICH.API
2026-03-27 17:08:59.639 -03:00 [INF] Request starting HTTP/2 GET https://localhost:49940/ - null null
2026-03-27 17:08:59.697 -03:00 [INF] Request finished HTTP/2 GET https://localhost:49940/ - 404 0 null 59.4637ms
2026-03-27 17:08:59.703 -03:00 [INF] Request reached the end of the middleware pipeline without being handled by application code. Request path: GET https://localhost:49940/, Response status code: 404
2026-03-27 17:09:00.151 -03:00 [INF] Request starting HTTP/2 GET https://localhost:49940/ - null null
2026-03-27 17:09:00.156 -03:00 [INF] Request finished HTTP/2 GET https://localhost:49940/ - 404 0 null 5.1838ms
2026-03-27 17:09:00.160 -03:00 [INF] Request reached the end of the middleware pipeline without being handled by application code. Request path: GET https://localhost:49940/, Response status code: 404
2026-03-27 17:09:00.406 -03:00 [INF] Request starting HTTP/2 GET https://localhost:49940/ - null null
2026-03-27 17:09:00.411 -03:00 [INF] Request finished HTTP/2 GET https://localhost:49940/ - 404 0 null 5.2217ms
2026-03-27 17:09:00.414 -03:00 [INF] Request reached the end of the middleware pipeline without being handled by application code. Request path: GET https://localhost:49940/, Response status code: 404
2026-03-27 17:09:02.187 -03:00 [INF] Request starting HTTP/2 GET https://localhost:49940/ - null null
2026-03-27 17:09:02.190 -03:00 [INF] Request finished HTTP/2 GET https://localhost:49940/ - 404 0 null 3.0824ms
2026-03-27 17:09:02.193 -03:00 [INF] Request reached the end of the middleware pipeline without being handled by application code. Request path: GET https://localhost:49940/, Response status code: 404
2026-03-27 17:10:31.976 -03:00 [INF] Executed DbCommand (18ms) [Parameters=[], CommandType='"Text"', CommandTimeout='30']
SELECT 1
2026-03-27 17:10:32.062 -03:00 [INF] Executed DbCommand (51ms) [Parameters=[], CommandType='"Text"', CommandTimeout='30']

IF EXISTS
    (SELECT *
     FROM [sys].[objects] o
     WHERE [o].[type] = 'U'
     AND [o].[is_ms_shipped] = 0
     AND NOT EXISTS (SELECT *
         FROM [sys].[extended_properties] AS [ep]
         WHERE [ep].[major_id] = [o].[object_id]
             AND [ep].[minor_id] = 0
             AND [ep].[class] = 1
             AND [ep].[name] = N'microsoft_database_tools_support'
    )
)
SELECT 1 ELSE SELECT 0
2026-03-27 17:10:32.066 -03:00 [INF] Inclusive Communication Hub API starting...
2026-03-27 17:10:32.075 -03:00 [INF] User profile is available. Using 'C:\Users\ASUS\AppData\Local\ASP.NET\DataProtection-Keys' as key repository and Windows DPAPI to encrypt keys at rest.
2026-03-27 17:10:32.121 -03:00 [WRN] The ASP.NET Core developer certificate is not trusted. For information about trusting the ASP.NET Core developer certificate, see https://aka.ms/aspnet/https-trust-dev-cert.
2026-03-27 17:10:32.139 -03:00 [INF] Now listening on: https://localhost:49940
2026-03-27 17:10:32.139 -03:00 [INF] Now listening on: http://localhost:49941
2026-03-27 17:10:32.141 -03:00 [INF] Application started. Press Ctrl+C to shut down.
2026-03-27 17:10:32.141 -03:00 [INF] Hosting environment: Development
2026-03-27 17:10:32.142 -03:00 [INF] Content root path: D:\FREELANCE\COMPETENCIAS\Innovation Challenge - 2026 March 2\src\ICH.API
2026-03-27 17:14:13.855 -03:00 [INF] Request starting HTTP/2 GET https://localhost:49940/ - null null
2026-03-27 17:14:13.894 -03:00 [INF] Request finished HTTP/2 GET https://localhost:49940/ - 404 0 null 39.6939ms
2026-03-27 17:14:13.896 -03:00 [INF] Request reached the end of the middleware pipeline without being handled by application code. Request path: GET https://localhost:49940/, Response status code: 404
2026-03-27 17:14:14.626 -03:00 [INF] Request starting HTTP/2 GET https://localhost:49940/ - null null
2026-03-27 17:14:14.628 -03:00 [INF] Request finished HTTP/2 GET https://localhost:49940/ - 404 0 null 2.0253ms
2026-03-27 17:14:14.629 -03:00 [INF] Request reached the end of the middleware pipeline without being handled by application code. Request path: GET https://localhost:49940/, Response status code: 404
